<?xml version="1.0" encoding="UTF-8"?>
<!-- Generated by org.testng.reporters.JUnitReportReporter -->
<testsuite hostname="Laptop-Work" failures="0" tests="1" name="rahulshettyacademy1.tests.SubmitOrderTest" time="44.962" errors="0" timestamp="17 Dec 2022 03:11:25 GMT" skipped="0">
  <testcase classname="rahulshettyacademy1.tests.SubmitOrderTest" name="submitOrder" time="44.962"/>
</testsuite> <!-- rahulshettyacademy1.tests.SubmitOrderTest -->
